QUERY: 
    SELECT id, titulo FROM fotografias
    WHERE estado = 'admitida'
    AND id NOT IN (?,?,?,?,?,?)
    ORDER BY RAND()
    LIMIT 2

PARAMS: array (
  0 => 2,
  1 => 1,
  2 => 3,
  3 => 4,
  4 => 6,
  5 => 5,
)
RESULT: array (
  0 => 
  array (
    'id' => 7,
    'titulo' => 'foto2',
  ),
)
QUERY: 
    SELECT id, titulo FROM fotografias
    WHERE estado = 'admitida'
    AND id NOT IN (?,?,?,?,?,?)
    ORDER BY RAND()
    LIMIT 2

PARAMS: array (
  0 => 2,
  1 => 1,
  2 => 3,
  3 => 4,
  4 => 6,
  5 => 5,
)
RESULT: array (
  0 => 
  array (
    'id' => 7,
    'titulo' => 'foto2',
  ),
)
QUERY: 
    SELECT id, titulo FROM fotografias
    WHERE estado = 'admitida'
    AND id NOT IN (?,?,?,?,?,?)
    ORDER BY RAND()
    LIMIT 2

PARAMS: array (
  0 => 2,
  1 => 1,
  2 => 3,
  3 => 4,
  4 => 6,
  5 => 5,
)
RESULT: array (
  0 => 
  array (
    'id' => 7,
    'titulo' => 'foto2',
  ),
)
QUERY: 
    SELECT id, titulo FROM fotografias
    WHERE estado = 'admitida'
    AND id NOT IN (?,?,?,?,?,?)
    ORDER BY RAND()
    LIMIT 2

PARAMS: array (
  0 => 2,
  1 => 1,
  2 => 3,
  3 => 4,
  4 => 6,
  5 => 5,
)
RESULT: array (
  0 => 
  array (
    'id' => 7,
    'titulo' => 'foto2',
  ),
)
QUERY: 
    SELECT id, titulo FROM fotografias
    WHERE estado = 'admitida'
    AND id NOT IN (?,?,?,?,?,?) AND usuario_id != ?
    ORDER BY RAND()
    LIMIT 2

PARAMS: array (
  0 => 2,
  1 => 1,
  2 => 3,
  3 => 4,
  4 => 6,
  5 => 5,
  6 => 1,
)
RESULT: array (
  0 => 
  array (
    'id' => 7,
    'titulo' => 'foto2',
  ),
  1 => 
  array (
    'id' => 9,
    'titulo' => 'advz',
  ),
)
QUERY: 
    SELECT id, titulo FROM fotografias
    WHERE estado = 'admitida'
    AND id NOT IN (?,?,?,?,?,?,?,?) AND usuario_id != ?
    ORDER BY RAND()
    LIMIT 2

PARAMS: array (
  0 => 2,
  1 => 1,
  2 => 3,
  3 => 4,
  4 => 6,
  5 => 5,
  6 => 9,
  7 => 7,
  8 => 1,
)
RESULT: array (
  0 => 
  array (
    'id' => 10,
    'titulo' => 'foto2',
  ),
  1 => 
  array (
    'id' => 8,
    'titulo' => 'advz',
  ),
)
QUERY: 
    SELECT id, titulo FROM fotografias
    WHERE estado = 'admitida'
    AND id NOT IN (?,?,?,?,?,?,?,?,?,?) AND usuario_id != ?
    ORDER BY RAND()
    LIMIT 2

PARAMS: array (
  0 => 2,
  1 => 1,
  2 => 3,
  3 => 4,
  4 => 6,
  5 => 5,
  6 => 9,
  7 => 7,
  8 => 10,
  9 => 8,
  10 => 1,
)
RESULT: array (
)
QUERY: 
    SELECT id, titulo FROM fotografias
    WHERE estado = 'admitida'
    AND id NOT IN (?,?,?,?,?,?,?,?,?,?) AND usuario_id != ?
    ORDER BY RAND()
    LIMIT 2

PARAMS: array (
  0 => 2,
  1 => 1,
  2 => 3,
  3 => 4,
  4 => 6,
  5 => 5,
  6 => 9,
  7 => 7,
  8 => 10,
  9 => 8,
  10 => 1,
)
RESULT: array (
)
QUERY: 
    SELECT id, titulo FROM fotografias
    WHERE estado = 'admitida'
    AND id NOT IN (?,?,?,?,?,?,?,?,?,?) AND usuario_id != ?
    ORDER BY RAND()
    LIMIT 2

PARAMS: array (
  0 => 2,
  1 => 1,
  2 => 3,
  3 => 4,
  4 => 6,
  5 => 5,
  6 => 9,
  7 => 7,
  8 => 10,
  9 => 8,
  10 => 1,
)
RESULT: array (
)
QUERY: 
    SELECT id, titulo FROM fotografias
    WHERE estado = 'admitida'
    AND id NOT IN (?,?,?,?,?,?,?,?,?,?) AND usuario_id != ?
    ORDER BY RAND()
    LIMIT 2

PARAMS: array (
  0 => 2,
  1 => 1,
  2 => 3,
  3 => 4,
  4 => 6,
  5 => 5,
  6 => 9,
  7 => 7,
  8 => 10,
  9 => 8,
  10 => 1,
)
RESULT: array (
)
QUERY: 
    SELECT id, titulo FROM fotografias
    WHERE estado = 'admitida'
     AND usuario_id != ?
    ORDER BY RAND()
    LIMIT 2

PARAMS: array (
  0 => 1,
)
QUERY: 
    SELECT id, titulo FROM fotografias
    WHERE estado = 'admitida'
     AND usuario_id != ?
    ORDER BY RAND()
    LIMIT 2

PARAMS: array (
  0 => 1,
)
QUERY: 
    SELECT id, titulo FROM fotografias
    WHERE estado = 'admitida'
     AND usuario_id != ?
    ORDER BY RAND()
    LIMIT 2

PARAMS: array (
  0 => 1,
)
